2018/12/13 11:55:28:594 [I] Player SDKID : CC9BEB88-B08C-4C56-A028-A348D2C875D6 -[PLPlayer configOption] 783
2018/12/13 11:55:28:594 [I] PLPlayerKit Version: 3.3.1-git-2018-05-21-2956ccf，Core Version: 1.1.0.68 void printAllVersion(NSString *__strong) 44
2018/12/13 11:55:28:596 [I] player change size: () -[PLPlayer observeValueForKeyPath:ofObject:change:context:] 1391
2018/12/13 11:55:28:632 [I] player change size: () -[PLPlayer observeValueForKeyPath:ofObject:change:context:] 1391
2018/12/13 11:55:29:204 [I] PLPlayer stop -[PLPlayer stop] 1060
2018/12/13 11:55:29:204 [I] Player create qplayer -[PLPlayer openQPlayer:sameSourceMode:] 820
2018/12/13 11:55:29:204 [I] play url:file:///var/mobile/Containers/Data/Application/4CB536AC-7309-47A2-A800-F8310EB86047/Documents/PLShortVideoRootFolder/PLShortVideo/20181213115522643merge.mp4 -[PLPlayer openQPlayer:sameSourceMode:] 894
2018/12/13 11:55:29:204 [I] Player open qplayer start -[PLPlayer openQPlayer:sameSourceMode:] 902
2018/12/13 11:55:29:204 [I] player status change to (1) -[PLPlayer getDelegateStatusChanged:]_block_invoke 1243
2018/12/13 11:55:29:254 [I] Player open down qplayer -[PLPlayer onPlayerEvent:withParam:] 333
2018/12/13 11:55:29:254 [I] Player run qplayer -[PLPlayer onPlayerEvent:withParam:] 342
2018/12/13 11:55:29:258 [I] player totalDurationSecond: 287.893005, longDuration = 287893 -[PLPlayer totalDuration] 194
2018/12/13 11:55:29:259 [I] player status change to (2) -[PLPlayer getDelegateStatusChanged:]_block_invoke 1243
2018/12/13 11:55:29:287 [I] player video size (720 x 1280) -> (720 x 1280) -[PLPlayer getVideoSize:] 1169
2018/12/13 11:55:29:384 [I] Player run qplayer finish -[PLPlayer onPlayerEvent:withParam:] 347
2018/12/13 11:55:29:482 [I] player status change to (5) -[PLPlayer getDelegateStatusChanged:]_block_invoke 1243
2018/12/13 11:55:29:484 [I] PLPlayer: warning delegate method <PlayViewController: 0x11bdefbf0> not implement -[PLPlayer firstRenderComing:] 1266
2018/12/13 11:55:29:484 [I] PLPlayer: warning delegate method <PlayViewController: 0x11bdefbf0> not implement -[PLPlayer firstRenderComing:] 1266
2018/12/13 11:55:29:759 [I] player totalDurationSecond: 287.893005, longDuration = 287893 -[PLPlayer totalDuration] 194
2018/12/13 11:55:30:260 [I] player totalDurationSecond: 287.893005, longDuration = 287893 -[PLPlayer totalDuration] 194
2018/12/13 11:55:30:759 [I] player totalDurationSecond: 287.893005, longDuration = 287893 -[PLPlayer totalDuration] 194
2018/12/13 11:55:31:260 [I] player totalDurationSecond: 287.893005, longDuration = 287893 -[PLPlayer totalDuration] 194
2018/12/13 11:55:31:759 [I] player totalDurationSecond: 287.893005, longDuration = 287893 -[PLPlayer totalDuration] 194
2018/12/13 11:55:32:260 [I] player totalDurationSecond: 287.893005, longDuration = 287893 -[PLPlayer totalDuration] 194
2018/12/13 11:55:32:759 [I] player totalDurationSecond: 287.893005, longDuration = 287893 -[PLPlayer totalDuration] 194
2018/12/13 11:55:33:260 [I] player totalDurationSecond: 287.893005, longDuration = 287893 -[PLPlayer totalDuration] 194
2018/12/13 11:55:33:760 [I] player totalDurationSecond: 287.893005, longDuration = 287893 -[PLPlayer totalDuration] 194
2018/12/13 11:55:34:259 [I] player totalDurationSecond: 287.893005, longDuration = 287893 -[PLPlayer totalDuration] 194
2018/12/13 11:55:34:759 [I] player totalDurationSecond: 287.893005, longDuration = 287893 -[PLPlayer totalDuration] 194
2018/12/13 11:55:35:259 [I] player totalDurationSecond: 287.893005, longDuration = 287893 -[PLPlayer totalDuration] 194
2018/12/13 11:55:35:760 [I] player totalDurationSecond: 287.893005, longDuration = 287893 -[PLPlayer totalDuration] 194
2018/12/13 11:55:36:259 [I] player totalDurationSecond: 287.893005, longDuration = 287893 -[PLPlayer totalDuration] 194
2018/12/13 11:55:36:760 [I] player totalDurationSecond: 287.893005, longDuration = 287893 -[PLPlayer totalDuration] 194
2018/12/13 11:55:37:259 [I] player totalDurationSecond: 287.893005, longDuration = 287893 -[PLPlayer totalDuration] 194
2018/12/13 11:55:37:759 [I] player totalDurationSecond: 287.893005, longDuration = 287893 -[PLPlayer totalDuration] 194
2018/12/13 11:55:38:260 [I] player totalDurationSecond: 287.893005, longDuration = 287893 -[PLPlayer totalDuration] 194
2018/12/13 11:55:38:759 [I] player totalDurationSecond: 287.893005, longDuration = 287893 -[PLPlayer totalDuration] 194
2018/12/13 11:55:39:259 [I] player totalDurationSecond: 287.893005, longDuration = 287893 -[PLPlayer totalDuration] 194
2018/12/13 11:55:39:759 [I] player totalDurationSecond: 287.893005, longDuration = 287893 -[PLPlayer totalDuration] 194
2018/12/13 11:55:40:259 [I] player totalDurationSecond: 287.893005, longDuration = 287893 -[PLPlayer totalDuration] 194
2018/12/13 11:55:40:759 [I] player totalDurationSecond: 287.893005, longDuration = 287893 -[PLPlayer totalDuration] 194
2018/12/13 11:55:41:259 [I] player totalDurationSecond: 287.893005, longDuration = 287893 -[PLPlayer totalDuration] 194
2018/12/13 11:55:41:759 [I] player totalDurationSecond: 287.893005, longDuration = 287893 -[PLPlayer totalDuration] 194
2018/12/13 11:55:42:259 [I] player totalDurationSecond: 287.893005, longDuration = 287893 -[PLPlayer totalDuration] 194
2018/12/13 11:55:42:759 [I] player totalDurationSecond: 287.893005, longDuration = 287893 -[PLPlayer totalDuration] 194
2018/12/13 11:55:43:259 [I] player totalDurationSecond: 287.893005, longDuration = 287893 -[PLPlayer totalDuration] 194
2018/12/13 11:55:43:759 [I] player totalDurationSecond: 287.893005, longDuration = 287893 -[PLPlayer totalDuration] 194
2018/12/13 11:55:44:259 [I] player totalDurationSecond: 287.893005, longDuration = 287893 -[PLPlayer totalDuration] 194
2018/12/13 11:55:44:758 [I] player totalDurationSecond: 287.893005, longDuration = 287893 -[PLPlayer totalDuration] 194
2018/12/13 11:55:45:259 [I] player totalDurationSecond: 287.893005, longDuration = 287893 -[PLPlayer totalDuration] 194
2018/12/13 11:55:45:759 [I] player totalDurationSecond: 287.893005, longDuration = 287893 -[PLPlayer totalDuration] 194
2018/12/13 11:55:46:259 [I] player totalDurationSecond: 287.893005, longDuration = 287893 -[PLPlayer totalDuration] 194
2018/12/13 11:55:46:759 [I] player totalDurationSecond: 287.893005, longDuration = 287893 -[PLPlayer totalDuration] 194
2018/12/13 11:55:47:259 [I] player totalDurationSecond: 287.893005, longDuration = 287893 -[PLPlayer totalDuration] 194
2018/12/13 11:55:47:759 [I] player totalDurationSecond: 287.893005, longDuration = 287893 -[PLPlayer totalDuration] 194
2018/12/13 11:55:48:259 [I] player totalDurationSecond: 287.893005, longDuration = 287893 -[PLPlayer totalDuration] 194
2018/12/13 11:55:48:759 [I] player totalDurationSecond: 287.893005, longDuration = 287893 -[PLPlayer totalDuration] 194
2018/12/13 11:55:49:259 [I] player totalDurationSecond: 287.893005, longDuration = 287893 -[PLPlayer totalDuration] 194
2018/12/13 11:55:49:759 [I] player totalDurationSecond: 287.893005, longDuration = 287893 -[PLPlayer totalDuration] 194
2018/12/13 11:55:50:259 [I] player totalDurationSecond: 287.893005, longDuration = 287893 -[PLPlayer totalDuration] 194
2018/12/13 11:55:50:759 [I] player totalDurationSecond: 287.893005, longDuration = 287893 -[PLPlayer totalDuration] 194
2018/12/13 11:55:51:259 [I] player totalDurationSecond: 287.893005, longDuration = 287893 -[PLPlayer totalDuration] 194
2018/12/13 11:55:51:759 [I] player totalDurationSecond: 287.893005, longDuration = 287893 -[PLPlayer totalDuration] 194
2018/12/13 11:55:52:259 [I] player totalDurationSecond: 287.893005, longDuration = 287893 -[PLPlayer totalDuration] 194
2018/12/13 11:55:52:759 [I] player totalDurationSecond: 287.893005, longDuration = 287893 -[PLPlayer totalDuration] 194
2018/12/13 11:55:53:259 [I] player totalDurationSecond: 287.893005, longDuration = 287893 -[PLPlayer totalDuration] 194
2018/12/13 11:55:53:759 [I] player totalDurationSecond: 287.893005, longDuration = 287893 -[PLPlayer totalDuration] 194
2018/12/13 11:55:54:259 [I] player totalDurationSecond: 287.893005, longDuration = 287893 -[PLPlayer totalDuration] 194
2018/12/13 11:55:54:758 [I] player totalDurationSecond: 287.893005, longDuration = 287893 -[PLPlayer totalDuration] 194
2018/12/13 11:55:55:258 [I] player totalDurationSecond: 287.893005, longDuration = 287893 -[PLPlayer totalDuration] 194
2018/12/13 11:55:55:759 [I] player totalDurationSecond: 287.893005, longDuration = 287893 -[PLPlayer totalDuration] 194
2018/12/13 11:55:56:258 [I] player totalDurationSecond: 287.893005, longDuration = 287893 -[PLPlayer totalDuration] 194
2018/12/13 11:55:56:759 [I] player totalDurationSecond: 287.893005, longDuration = 287893 -[PLPlayer totalDuration] 194
2018/12/13 11:55:57:258 [I] player totalDurationSecond: 287.893005, longDuration = 287893 -[PLPlayer totalDuration] 194
2018/12/13 11:55:57:759 [I] player totalDurationSecond: 287.893005, longDuration = 287893 -[PLPlayer totalDuration] 194
2018/12/13 11:55:58:259 [I] player totalDurationSecond: 287.893005, longDuration = 287893 -[PLPlayer totalDuration] 194
2018/12/13 11:55:58:759 [I] player totalDurationSecond: 287.893005, longDuration = 287893 -[PLPlayer totalDuration] 194
2018/12/13 11:55:59:259 [I] player totalDurationSecond: 287.893005, longDuration = 287893 -[PLPlayer totalDuration] 194
2018/12/13 11:55:59:759 [I] player totalDurationSecond: 287.893005, longDuration = 287893 -[PLPlayer totalDuration] 194
2018/12/13 11:56:00:258 [I] player totalDurationSecond: 287.893005, longDuration = 287893 -[PLPlayer totalDuration] 194
2018/12/13 11:56:00:758 [I] player totalDurationSecond: 287.893005, longDuration = 287893 -[PLPlayer totalDuration] 194
2018/12/13 11:56:01:259 [I] player totalDurationSecond: 287.893005, longDuration = 287893 -[PLPlayer totalDuration] 194
2018/12/13 11:56:01:759 [I] player totalDurationSecond: 287.893005, longDuration = 287893 -[PLPlayer totalDuration] 194
2018/12/13 11:56:02:259 [I] player totalDurationSecond: 287.893005, longDuration = 287893 -[PLPlayer totalDuration] 194
2018/12/13 11:56:02:759 [I] player totalDurationSecond: 287.893005, longDuration = 287893 -[PLPlayer totalDuration] 194
2018/12/13 11:56:03:259 [I] player totalDurationSecond: 287.893005, longDuration = 287893 -[PLPlayer totalDuration] 194
2018/12/13 11:56:03:759 [I] player totalDurationSecond: 287.893005, longDuration = 287893 -[PLPlayer totalDuration] 194
2018/12/13 11:56:04:259 [I] player totalDurationSecond: 287.893005, longDuration = 287893 -[PLPlayer totalDuration] 194
2018/12/13 11:56:04:759 [I] player totalDurationSecond: 287.893005, longDuration = 287893 -[PLPlayer totalDuration] 194
2018/12/13 11:56:05:259 [I] player totalDurationSecond: 287.893005, longDuration = 287893 -[PLPlayer totalDuration] 194
2018/12/13 11:56:05:759 [I] player totalDurationSecond: 287.893005, longDuration = 287893 -[PLPlayer totalDuration] 194
2018/12/13 11:56:06:259 [I] player totalDurationSecond: 287.893005, longDuration = 287893 -[PLPlayer totalDuration] 194
2018/12/13 11:56:06:759 [I] player totalDurationSecond: 287.893005, longDuration = 287893 -[PLPlayer totalDuration] 194
2018/12/13 11:56:07:259 [I] player totalDurationSecond: 287.893005, longDuration = 287893 -[PLPlayer totalDuration] 194
2018/12/13 11:56:07:759 [I] player totalDurationSecond: 287.893005, longDuration = 287893 -[PLPlayer totalDuration] 194
2018/12/13 11:56:08:259 [I] player totalDurationSecond: 287.893005, longDuration = 287893 -[PLPlayer totalDuration] 194
2018/12/13 11:56:08:759 [I] player totalDurationSecond: 287.893005, longDuration = 287893 -[PLPlayer totalDuration] 194
2018/12/13 11:56:09:259 [I] player totalDurationSecond: 287.893005, longDuration = 287893 -[PLPlayer totalDuration] 194
2018/12/13 11:56:09:758 [I] player totalDurationSecond: 287.893005, longDuration = 287893 -[PLPlayer totalDuration] 194
2018/12/13 11:56:10:258 [I] player totalDurationSecond: 287.893005, longDuration = 287893 -[PLPlayer totalDuration] 194
2018/12/13 11:56:10:759 [I] player totalDurationSecond: 287.893005, longDuration = 287893 -[PLPlayer totalDuration] 194
2018/12/13 11:56:11:258 [I] player totalDurationSecond: 287.893005, longDuration = 287893 -[PLPlayer totalDuration] 194
2018/12/13 11:56:11:758 [I] player totalDurationSecond: 287.893005, longDuration = 287893 -[PLPlayer totalDuration] 194
2018/12/13 11:56:12:258 [I] player totalDurationSecond: 287.893005, longDuration = 287893 -[PLPlayer totalDuration] 194
2018/12/13 11:56:12:759 [I] player totalDurationSecond: 287.893005, longDuration = 287893 -[PLPlayer totalDuration] 194
2018/12/13 11:56:13:259 [I] player totalDurationSecond: 287.893005, longDuration = 287893 -[PLPlayer totalDuration] 194
2018/12/13 11:56:13:759 [I] player totalDurationSecond: 287.893005, longDuration = 287893 -[PLPlayer totalDuration] 194
2018/12/13 11:56:14:258 [I] player totalDurationSecond: 287.893005, longDuration = 287893 -[PLPlayer totalDuration] 194
2018/12/13 11:56:14:759 [I] player totalDurationSecond: 287.893005, longDuration = 287893 -[PLPlayer totalDuration] 194
2018/12/13 11:56:15:259 [I] player totalDurationSecond: 287.893005, longDuration = 287893 -[PLPlayer totalDuration] 194
2018/12/13 11:56:15:758 [I] player totalDurationSecond: 287.893005, longDuration = 287893 -[PLPlayer totalDuration] 194
2018/12/13 11:56:15:970 [I] PLPlayer stop -[PLPlayer stop] 1060
2018/12/13 11:56:16:027 [I] player status change to (7) -[PLPlayer getDelegateStatusChanged:]_block_invoke 1243
2018/12/13 11:56:16:029 [I] Player dealloc : file:///var/mobile/Containers/Data/Application/4CB536AC-7309-47A2-A800-F8310EB86047/Documents/PLShortVideoRootFolder/PLShortVideo/20181213115522643merge.mp4 -[PLPlayer dealloc] 792
2018/12/13 11:56:16:029 [I] Player destroyed -[PLPlayer destroyPlayer] 805
2018/12/13 11:56:16:129 [I] Player dealloc finshed -[PLPlayer dealloc] 800
2018/12/13 11:57:40:173 [I] 


【player 开始实例化------】 -[PLPlayer initWithURL:option:] 125
2018/12/13 11:57:40:173 [I] 缓存日志文件地址:/var/mobile/Containers/Data/Application/4CB536AC-7309-47A2-A800-F8310EB86047/Library/Caches/Pili/PlayerLogs +[PLPlayerLogger setLogWithLevel:] 66
