2018/09/05 15:08:19:552 [I] Player SDKID : CC9BEB88-B08C-4C56-A028-A348D2C875D6 -[PLPlayer configOption] 783
2018/09/05 15:08:19:553 [I] PLPlayerKit Version: 3.3.1-git-2018-05-21-2956ccf，Core Version: 1.1.0.68 void printAllVersion(NSString *__strong) 44
2018/09/05 15:08:19:555 [I] player change size: () -[PLPlayer observeValueForKeyPath:ofObject:change:context:] 1391
2018/09/05 15:08:19:585 [I] player change size: () -[PLPlayer observeValueForKeyPath:ofObject:change:context:] 1391
2018/09/05 15:08:20:150 [I] PLPlayer stop -[PLPlayer stop] 1060
2018/09/05 15:08:20:150 [I] Player create qplayer -[PLPlayer openQPlayer:sameSourceMode:] 820
2018/09/05 15:08:20:150 [I] play url:file:///var/mobile/Containers/Data/Application/9233D635-61F0-46D1-9BCD-6DBE6C0688E6/Documents/PLShortVideoRootFolder/PLShortVideo/20180905150819362merge.mp4 -[PLPlayer openQPlayer:sameSourceMode:] 894
2018/09/05 15:08:20:150 [I] Player open qplayer start -[PLPlayer openQPlayer:sameSourceMode:] 902
2018/09/05 15:08:20:151 [I] player status change to (1) -[PLPlayer getDelegateStatusChanged:]_block_invoke 1243
2018/09/05 15:08:20:160 [I] Player open down qplayer -[PLPlayer onPlayerEvent:withParam:] 333
2018/09/05 15:08:20:161 [I] Player run qplayer -[PLPlayer onPlayerEvent:withParam:] 342
2018/09/05 15:08:20:167 [I] player totalDurationSecond: 10.005000, longDuration = 10005 -[PLPlayer totalDuration] 194
2018/09/05 15:08:20:167 [I] player status change to (2) -[PLPlayer getDelegateStatusChanged:]_block_invoke 1243
2018/09/05 15:08:20:169 [I] Player run qplayer finish -[PLPlayer onPlayerEvent:withParam:] 347
2018/09/05 15:08:20:186 [I] player video size (544 x 960) -> (544 x 960) -[PLPlayer getVideoSize:] 1169
2018/09/05 15:08:20:186 [I] player status change to (5) -[PLPlayer getDelegateStatusChanged:]_block_invoke 1243
2018/09/05 15:08:20:186 [I] PLPlayer: warning delegate method <PlayViewController: 0x1027d1f30> not implement -[PLPlayer firstRenderComing:] 1266
2018/09/05 15:08:20:668 [I] player totalDurationSecond: 10.005000, longDuration = 10005 -[PLPlayer totalDuration] 194
2018/09/05 15:08:21:167 [I] player totalDurationSecond: 10.005000, longDuration = 10005 -[PLPlayer totalDuration] 194
2018/09/05 15:08:21:668 [I] player totalDurationSecond: 10.005000, longDuration = 10005 -[PLPlayer totalDuration] 194
2018/09/05 15:08:22:168 [I] player totalDurationSecond: 10.005000, longDuration = 10005 -[PLPlayer totalDuration] 194
2018/09/05 15:08:22:667 [I] player totalDurationSecond: 10.005000, longDuration = 10005 -[PLPlayer totalDuration] 194
2018/09/05 15:08:23:168 [I] player totalDurationSecond: 10.005000, longDuration = 10005 -[PLPlayer totalDuration] 194
2018/09/05 15:08:23:668 [I] player totalDurationSecond: 10.005000, longDuration = 10005 -[PLPlayer totalDuration] 194
2018/09/05 15:08:24:168 [I] player totalDurationSecond: 10.005000, longDuration = 10005 -[PLPlayer totalDuration] 194
2018/09/05 15:08:24:669 [I] player totalDurationSecond: 10.005000, longDuration = 10005 -[PLPlayer totalDuration] 194
2018/09/05 15:08:25:168 [I] player totalDurationSecond: 10.005000, longDuration = 10005 -[PLPlayer totalDuration] 194
2018/09/05 15:08:25:668 [I] player totalDurationSecond: 10.005000, longDuration = 10005 -[PLPlayer totalDuration] 194
2018/09/05 15:08:26:167 [I] player totalDurationSecond: 10.005000, longDuration = 10005 -[PLPlayer totalDuration] 194
2018/09/05 15:08:26:521 [I] PLPlayer stop -[PLPlayer stop] 1060
2018/09/05 15:08:26:533 [I] player status change to (7) -[PLPlayer getDelegateStatusChanged:]_block_invoke 1243
2018/09/05 15:08:26:534 [I] Player dealloc : file:///var/mobile/Containers/Data/Application/9233D635-61F0-46D1-9BCD-6DBE6C0688E6/Documents/PLShortVideoRootFolder/PLShortVideo/20180905150819362merge.mp4 -[PLPlayer dealloc] 792
2018/09/05 15:08:26:534 [I] Player destroyed -[PLPlayer destroyPlayer] 805
2018/09/05 15:08:26:587 [I] Player dealloc finshed -[PLPlayer dealloc] 800
